2020-04-23 21:51:38,567 [TestNG] INFO Kaman - Execution started on 2020-04-23_21-51-38
2020-04-23 21:51:45,235 [TestNG] INFO Kaman - Execution started on IE2020-04-23_21-51-38
2020-04-23 21:51:45,714 [TestNG] INFO Kaman - Execution Started for Testcase number : TC01_Verify_HomePage at time : 2020-04-23 21:51
2020-04-23 21:51:45,927 [TestNG] INFO Kaman - Successfully navigated to URL : https://ectest.kamandirect.com/storeus/
2020-04-23 21:52:06,471 [TestNG] ERROR Kaman - org.openqa.selenium.TimeoutException: Expected condition failed: waiting for visibility of element located by By.cssSelector: div.col-sm-4.col-md-4.col-xs-5.hidden-xs.hidden-sm.padding-none > div > a > img (tried for 20 second(s) with 500 milliseconds interval)
	at org.openqa.selenium.support.ui.WebDriverWait.timeoutException(WebDriverWait.java:95)
	at org.openqa.selenium.support.ui.FluentWait.until(FluentWait.java:272)
	at com.operations.Common.Keywords.VERIFY_WEBELEMENT_PRESENT(Keywords.java:893)
	at com.operations.Common.Keywords_finder.perform(Keywords_finder.java:218)
	at com.operations.Common.Script_executor.Execute_script(Script_executor.java:111)
	at com.operations.Common.FireClass.ExecuteTestcasesWindows(FireClass.java:95)
	at com.testcases.driverscripts.Execute_MainScript.ExecuteTest(Execute_MainScript.java:339)
	at sun.reflect.NativeMethodAccessorImpl.invoke0(Native Method)
	at sun.reflect.NativeMethodAccessorImpl.invoke(Unknown Source)
	at sun.reflect.DelegatingMethodAccessorImpl.invoke(Unknown Source)
	at java.lang.reflect.Method.invoke(Unknown Source)
	at org.testng.internal.MethodInvocationHelper.invokeMethod(MethodInvocationHelper.java:85)
	at org.testng.internal.Invoker.invokeMethod(Invoker.java:639)
	at org.testng.internal.Invoker.invokeTestMethod(Invoker.java:816)
	at org.testng.internal.Invoker.invokeTestMethods(Invoker.java:1124)
	at org.testng.internal.TestMethodWorker.invokeTestMethods(TestMethodWorker.java:125)
	at org.testng.internal.TestMethodWorker.run(TestMethodWorker.java:108)
	at org.testng.TestRunner.privateRun(TestRunner.java:774)
	at org.testng.TestRunner.run(TestRunner.java:624)
	at org.testng.SuiteRunner.runTest(SuiteRunner.java:359)
	at org.testng.SuiteRunner.access$000(SuiteRunner.java:39)
	at org.testng.SuiteRunner$SuiteWorker.run(SuiteRunner.java:393)
	at org.testng.internal.thread.ThreadUtil$2.call(ThreadUtil.java:64)
	at java.util.concurrent.FutureTask.run(Unknown Source)
	at java.util.concurrent.ThreadPoolExecutor.runWorker(Unknown Source)
	at java.util.concurrent.ThreadPoolExecutor$Worker.run(Unknown Source)
	at java.lang.Thread.run(Unknown Source)
Caused by: org.openqa.selenium.NoSuchElementException: Unable to find element with css selector == div.col-sm-4.col-md-4.col-xs-5.hidden-xs.hidden-sm.padding-none > div > a > img
For documentation on this error, please visit: https://www.seleniumhq.org/exceptions/no_such_element.html
Build info: version: '3.141.59', revision: 'e82be7d358', time: '2018-11-14T08:17:03'
System info: host: 'LSPL309-PC', ip: '127.0.0.1', os.name: 'Windows 10', os.arch: 'amd64', os.version: '10.0', java.version: '1.8.0_101'
Driver info: org.openqa.selenium.ie.InternetExplorerDriver
Capabilities {acceptInsecureCerts: false, browserName: internet explorer, browserVersion: 11, javascriptEnabled: true, pageLoadStrategy: normal, platform: WINDOWS, platformName: WINDOWS, proxy: Proxy(), se:ieOptions: {browserAttachTimeout: 0, elementScrollBehavior: 0, enablePersistentHover: false, ie.browserCommandLineSwitches: , ie.edgechromium: false, ie.edgepath: , ie.ensureCleanSession: true, ie.fileUploadDialogTimeout: 3000, ie.forceCreateProcessApi: false, ignoreProtectedModeSettings: false, ignoreZoomSetting: true, initialBrowserUrl: http://localhost:26421/, nativeEvents: true, requireWindowFocus: true}, setWindowRect: true, strictFileInteractability: false, timeouts: {implicit: 0, pageLoad: 300000, script: 30000}, unhandledPromptBehavior: dismiss and notify}
Session ID: 87105886-e93e-4015-a9aa-574b61fa8946
*** Element info: {Using=css selector, value=div.col-sm-4.col-md-4.col-xs-5.hidden-xs.hidden-sm.padding-none > div > a > img}
	at sun.reflect.GeneratedConstructorAccessor24.newInstance(Unknown Source)
	at sun.reflect.DelegatingConstructorAccessorImpl.newInstance(Unknown Source)
	at java.lang.reflect.Constructor.newInstance(Unknown Source)
	at org.openqa.selenium.remote.http.W3CHttpResponseCodec.createException(W3CHttpResponseCodec.java:187)
	at org.openqa.selenium.remote.http.W3CHttpResponseCodec.decode(W3CHttpResponseCodec.java:122)
	at org.openqa.selenium.remote.http.W3CHttpResponseCodec.decode(W3CHttpResponseCodec.java:49)
	at org.openqa.selenium.remote.HttpCommandExecutor.execute(HttpCommandExecutor.java:158)
	at org.openqa.selenium.remote.service.DriverCommandExecutor.execute(DriverCommandExecutor.java:83)
	at org.openqa.selenium.remote.RemoteWebDriver.execute(RemoteWebDriver.java:552)
	at org.openqa.selenium.remote.RemoteWebDriver.findElement(RemoteWebDriver.java:323)
	at org.openqa.selenium.remote.RemoteWebDriver.findElementByCssSelector(RemoteWebDriver.java:420)
	at org.openqa.selenium.By$ByCssSelector.findElement(By.java:431)
	at org.openqa.selenium.remote.RemoteWebDriver.findElement(RemoteWebDriver.java:315)
	at org.openqa.selenium.support.ui.ExpectedConditions$7.apply(ExpectedConditions.java:205)
	at org.openqa.selenium.support.ui.ExpectedConditions$7.apply(ExpectedConditions.java:201)
	at org.openqa.selenium.support.ui.FluentWait.until(FluentWait.java:249)
	... 25 more

2020-04-23 21:52:06,515 [TestNG] INFO Kaman - Execution Started for Testcase number : TC03_Verify_BLP_Solutions_ContactUS at time : 2020-04-23 21:52
2020-04-23 21:52:06,658 [TestNG] INFO Kaman - Successfully navigated to URL : https://ectest.kamandirect.com/storeus/
2020-04-23 21:52:27,257 [TestNG] ERROR Kaman - org.openqa.selenium.TimeoutException: Expected condition failed: waiting for visibility of element located by By.cssSelector: div.col-sm-4.col-md-4.col-xs-5.hidden-xs.hidden-sm.padding-none > div > a > img (tried for 20 second(s) with 500 milliseconds interval)
	at org.openqa.selenium.support.ui.WebDriverWait.timeoutException(WebDriverWait.java:95)
	at org.openqa.selenium.support.ui.FluentWait.until(FluentWait.java:272)
	at com.operations.Common.Keywords.VERIFY_WEBELEMENT_PRESENT(Keywords.java:893)
	at com.operations.Common.Keywords_finder.perform(Keywords_finder.java:218)
	at com.operations.Common.Script_executor.Execute_script(Script_executor.java:111)
	at com.operations.Common.FireClass.ExecuteTestcasesWindows(FireClass.java:95)
	at com.testcases.driverscripts.Execute_MainScript.ExecuteTest(Execute_MainScript.java:339)
	at sun.reflect.NativeMethodAccessorImpl.invoke0(Native Method)
	at sun.reflect.NativeMethodAccessorImpl.invoke(Unknown Source)
	at sun.reflect.DelegatingMethodAccessorImpl.invoke(Unknown Source)
	at java.lang.reflect.Method.invoke(Unknown Source)
	at org.testng.internal.MethodInvocationHelper.invokeMethod(MethodInvocationHelper.java:85)
	at org.testng.internal.Invoker.invokeMethod(Invoker.java:639)
	at org.testng.internal.Invoker.invokeTestMethod(Invoker.java:816)
	at org.testng.internal.Invoker.invokeTestMethods(Invoker.java:1124)
	at org.testng.internal.TestMethodWorker.invokeTestMethods(TestMethodWorker.java:125)
	at org.testng.internal.TestMethodWorker.run(TestMethodWorker.java:108)
	at org.testng.TestRunner.privateRun(TestRunner.java:774)
	at org.testng.TestRunner.run(TestRunner.java:624)
	at org.testng.SuiteRunner.runTest(SuiteRunner.java:359)
	at org.testng.SuiteRunner.access$000(SuiteRunner.java:39)
	at org.testng.SuiteRunner$SuiteWorker.run(SuiteRunner.java:393)
	at org.testng.internal.thread.ThreadUtil$2.call(ThreadUtil.java:64)
	at java.util.concurrent.FutureTask.run(Unknown Source)
	at java.util.concurrent.ThreadPoolExecutor.runWorker(Unknown Source)
	at java.util.concurrent.ThreadPoolExecutor$Worker.run(Unknown Source)
	at java.lang.Thread.run(Unknown Source)
Caused by: org.openqa.selenium.NoSuchElementException: Unable to find element with css selector == div.col-sm-4.col-md-4.col-xs-5.hidden-xs.hidden-sm.padding-none > div > a > img
For documentation on this error, please visit: https://www.seleniumhq.org/exceptions/no_such_element.html
Build info: version: '3.141.59', revision: 'e82be7d358', time: '2018-11-14T08:17:03'
System info: host: 'LSPL309-PC', ip: '127.0.0.1', os.name: 'Windows 10', os.arch: 'amd64', os.version: '10.0', java.version: '1.8.0_101'
Driver info: org.openqa.selenium.ie.InternetExplorerDriver
Capabilities {acceptInsecureCerts: false, browserName: internet explorer, browserVersion: 11, javascriptEnabled: true, pageLoadStrategy: normal, platform: WINDOWS, platformName: WINDOWS, proxy: Proxy(), se:ieOptions: {browserAttachTimeout: 0, elementScrollBehavior: 0, enablePersistentHover: false, ie.browserCommandLineSwitches: , ie.edgechromium: false, ie.edgepath: , ie.ensureCleanSession: true, ie.fileUploadDialogTimeout: 3000, ie.forceCreateProcessApi: false, ignoreProtectedModeSettings: false, ignoreZoomSetting: true, initialBrowserUrl: http://localhost:26421/, nativeEvents: true, requireWindowFocus: true}, setWindowRect: true, strictFileInteractability: false, timeouts: {implicit: 0, pageLoad: 300000, script: 30000}, unhandledPromptBehavior: dismiss and notify}
Session ID: 87105886-e93e-4015-a9aa-574b61fa8946
*** Element info: {Using=css selector, value=div.col-sm-4.col-md-4.col-xs-5.hidden-xs.hidden-sm.padding-none > div > a > img}
	at sun.reflect.GeneratedConstructorAccessor24.newInstance(Unknown Source)
	at sun.reflect.DelegatingConstructorAccessorImpl.newInstance(Unknown Source)
	at java.lang.reflect.Constructor.newInstance(Unknown Source)
	at org.openqa.selenium.remote.http.W3CHttpResponseCodec.createException(W3CHttpResponseCodec.java:187)
	at org.openqa.selenium.remote.http.W3CHttpResponseCodec.decode(W3CHttpResponseCodec.java:122)
	at org.openqa.selenium.remote.http.W3CHttpResponseCodec.decode(W3CHttpResponseCodec.java:49)
	at org.openqa.selenium.remote.HttpCommandExecutor.execute(HttpCommandExecutor.java:158)
	at org.openqa.selenium.remote.service.DriverCommandExecutor.execute(DriverCommandExecutor.java:83)
	at org.openqa.selenium.remote.RemoteWebDriver.execute(RemoteWebDriver.java:552)
	at org.openqa.selenium.remote.RemoteWebDriver.findElement(RemoteWebDriver.java:323)
	at org.openqa.selenium.remote.RemoteWebDriver.findElementByCssSelector(RemoteWebDriver.java:420)
	at org.openqa.selenium.By$ByCssSelector.findElement(By.java:431)
	at org.openqa.selenium.remote.RemoteWebDriver.findElement(RemoteWebDriver.java:315)
	at org.openqa.selenium.support.ui.ExpectedConditions$7.apply(ExpectedConditions.java:205)
	at org.openqa.selenium.support.ui.ExpectedConditions$7.apply(ExpectedConditions.java:201)
	at org.openqa.selenium.support.ui.FluentWait.until(FluentWait.java:249)
	... 25 more
org.openqa.selenium.TimeoutException: Expected condition failed: waiting for visibility of element located by By.cssSelector: #atg_store_header > div > div:nth-of-type(2) > div:nth-of-type(2) > div:nth-of-type(2) > a > span (tried for 20 second(s) with 500 milliseconds interval)
	at org.openqa.selenium.support.ui.WebDriverWait.timeoutException(WebDriverWait.java:95)
	at org.openqa.selenium.support.ui.FluentWait.until(FluentWait.java:272)
	at com.operations.Common.Keywords.VERIFY_WEBELEMENT_PRESENT(Keywords.java:893)
	at com.operations.Common.Keywords_finder.perform(Keywords_finder.java:218)
	at com.operations.Common.Script_executor.Execute_script(Script_executor.java:111)
	at com.operations.Common.FireClass.ExecuteTestcasesWindows(FireClass.java:95)
	at com.testcases.driverscripts.Execute_MainScript.ExecuteTest(Execute_MainScript.java:339)
	at sun.reflect.NativeMethodAccessorImpl.invoke0(Native Method)
	at sun.reflect.NativeMethodAccessorImpl.invoke(Unknown Source)
	at sun.reflect.DelegatingMethodAccessorImpl.invoke(Unknown Source)
	at java.lang.reflect.Method.invoke(Unknown Source)
	at org.testng.internal.MethodInvocationHelper.invokeMethod(MethodInvocationHelper.java:85)
	at org.testng.internal.Invoker.invokeMethod(Invoker.java:639)
	at org.testng.internal.Invoker.invokeTestMethod(Invoker.java:816)
	at org.testng.internal.Invoker.invokeTestMethods(Invoker.java:1124)
	at org.testng.internal.TestMethodWorker.invokeTestMethods(TestMethodWorker.java:125)
	at org.testng.internal.TestMethodWorker.run(TestMethodWorker.java:108)
	at org.testng.TestRunner.privateRun(TestRunner.java:774)
	at org.testng.TestRunner.run(TestRunner.java:624)
	at org.testng.SuiteRunner.runTest(SuiteRunner.java:359)
	at org.testng.SuiteRunner.access$000(SuiteRunner.java:39)
	at org.testng.SuiteRunner$SuiteWorker.run(SuiteRunner.java:393)
	at org.testng.internal.thread.ThreadUtil$2.call(ThreadUtil.java:64)
	at java.util.concurrent.FutureTask.run(Unknown Source)
	at java.util.concurrent.ThreadPoolExecutor.runWorker(Unknown Source)
	at java.util.concurrent.ThreadPoolExecutor$Worker.run(Unknown Source)
	at java.lang.Thread.run(Unknown Source)
Caused by: org.openqa.selenium.NoSuchElementException: Unable to find element with css selector == #atg_store_header > div > div:nth-of-type(2) > div:nth-of-type(2) > div:nth-of-type(2) > a > span
For documentation on this error, please visit: https://www.seleniumhq.org/exceptions/no_such_element.html
Build info: version: '3.141.59', revision: 'e82be7d358', time: '2018-11-14T08:17:03'
System info: host: 'LSPL309-PC', ip: '127.0.0.1', os.name: 'Windows 10', os.arch: 'amd64', os.version: '10.0', java.version: '1.8.0_101'
Driver info: org.openqa.selenium.ie.InternetExplorerDriver
Capabilities {acceptInsecureCerts: false, browserName: internet explorer, browserVersion: 11, javascriptEnabled: true, pageLoadStrategy: normal, platform: WINDOWS, platformName: WINDOWS, proxy: Proxy(), se:ieOptions: {browserAttachTimeout: 0, elementScrollBehavior: 0, enablePersistentHover: false, ie.browserCommandLineSwitches: , ie.edgechromium: false, ie.edgepath: , ie.ensureCleanSession: true, ie.fileUploadDialogTimeout: 3000, ie.forceCreateProcessApi: false, ignoreProtectedModeSettings: false, ignoreZoomSetting: true, initialBrowserUrl: http://localhost:26421/, nativeEvents: true, requireWindowFocus: true}, setWindowRect: true, strictFileInteractability: false, timeouts: {implicit: 0, pageLoad: 300000, script: 30000}, unhandledPromptBehavior: dismiss and notify}
Session ID: 87105886-e93e-4015-a9aa-574b61fa8946
*** Element info: {Using=css selector, value=#atg_store_header > div > div:nth-of-type(2) > div:nth-of-type(2) > div:nth-of-type(2) > a > span}
	at sun.reflect.GeneratedConstructorAccessor24.newInstance(Unknown Source)
	at sun.reflect.DelegatingConstructorAccessorImpl.newInstance(Unknown Source)
	at java.lang.reflect.Constructor.newInstance(Unknown Source)
	at org.openqa.selenium.remote.http.W3CHttpResponseCodec.createException(W3CHttpResponseCodec.java:187)
	at org.openqa.selenium.remote.http.W3CHttpResponseCodec.decode(W3CHttpResponseCodec.java:122)
	at org.openqa.selenium.remote.http.W3CHttpResponseCodec.decode(W3CHttpResponseCodec.java:49)
	at org.openqa.selenium.remote.HttpCommandExecutor.execute(HttpCommandExecutor.java:158)
	at org.openqa.selenium.remote.service.DriverCommandExecutor.execute(DriverCommandExecutor.java:83)
	at org.openqa.selenium.remote.RemoteWebDriver.execute(RemoteWebDriver.java:552)
	at org.openqa.selenium.remote.RemoteWebDriver.findElement(RemoteWebDriver.java:323)
	at org.openqa.selenium.remote.RemoteWebDriver.findElementByCssSelector(RemoteWebDriver.java:420)
	at org.openqa.selenium.By$ByCssSelector.findElement(By.java:431)
	at org.openqa.selenium.remote.RemoteWebDriver.findElement(RemoteWebDriver.java:315)
	at org.openqa.selenium.support.ui.ExpectedConditions$7.apply(ExpectedConditions.java:205)
	at org.openqa.selenium.support.ui.ExpectedConditions$7.apply(ExpectedConditions.java:201)
	at org.openqa.selenium.support.ui.FluentWait.until(FluentWait.java:249)
	... 25 more

2020-04-23 21:52:27,262 [TestNG] INFO Kaman - TC04_Search_product_not_in_Catalog has been skipped for this execution...
2020-04-23 21:52:27,264 [TestNG] INFO Kaman - TC05_Search_product_in_Catalog has been skipped for this execution...
2020-04-23 21:52:27,266 [TestNG] INFO Kaman - TC6_SearchResults_Typeahead has been skipped for this execution...
2020-04-23 21:52:27,267 [TestNG] INFO Kaman - TC07_SearchCategory has been skipped for this execution...
2020-04-23 21:52:27,269 [TestNG] INFO Kaman - TC08_VerifyProductListPLP has been skipped for this execution...
2020-04-23 21:52:27,270 [TestNG] INFO Kaman - TC09_Verify_Documented_Savings has been skipped for this execution...
2020-04-23 21:52:27,272 [TestNG] INFO Kaman - TC10_Verify_Search_results has been skipped for this execution...
2020-04-23 21:52:27,274 [TestNG] INFO Kaman - TC11_Verify_PDP_From_Search_results has been skipped for this execution...
2020-04-23 21:52:27,278 [TestNG] INFO Kaman - TC12_Verify_AddToCart_from_PDP has been skipped for this execution...
2020-04-23 21:52:27,281 [TestNG] INFO Kaman - TC26_Verify_Clear_Cart has been skipped for this execution...
2020-04-23 21:52:27,284 [TestNG] INFO Kaman - TC13_Verify_Search_Dimensions has been skipped for this execution...
2020-04-23 21:52:27,288 [TestNG] INFO Kaman - TC14_Verify_AddToCart_from_Search has been skipped for this execution...
2020-04-23 21:52:27,290 [TestNG] INFO Kaman - TC15_Verify_ViewFullCart has been skipped for this execution...
2020-04-23 21:52:27,293 [TestNG] INFO Kaman - TC16_Update_Quantity_CartPage has been skipped for this execution...
2020-04-23 21:52:27,296 [TestNG] INFO Kaman - TC17_Verify_CheckoutButton has been skipped for this execution...
2020-04-23 21:52:27,299 [TestNG] INFO Kaman - TC18_Verify_ShippingPage has been skipped for this execution...
2020-04-23 21:52:27,301 [TestNG] INFO Kaman - TC19_Verify_ShippingMethod has been skipped for this execution...
2020-04-23 21:52:27,304 [TestNG] INFO Kaman - TC20_21_Verify_BillingPage has been skipped for this execution...
2020-04-23 21:52:27,307 [TestNG] INFO Kaman - TC22_Verify_PlaceOrder has been skipped for this execution...
2020-04-23 21:52:27,309 [TestNG] INFO Kaman - TC02_Verify_MYACC has been skipped for this execution...
2020-04-23 21:52:27,312 [TestNG] INFO Kaman - TC02_Verify_MYACC_RegisteredUser has been skipped for this execution...
2020-04-23 21:52:27,314 [TestNG] INFO Kaman - TC23_Verify_UserRegistration has been skipped for this execution...
2020-04-23 21:52:27,317 [TestNG] INFO Kaman - TC24_Verify_PlaceOrder_LoggedIn has been skipped for this execution...
2020-04-23 21:52:27,319 [TestNG] INFO Kaman - TC27_Verify_Store_room has been skipped for this execution...
2020-04-23 21:52:27,321 [TestNG] INFO Kaman - TC28_Verify_PunchOut_User has been skipped for this execution...
2020-04-23 21:52:27,323 [TestNG] INFO Kaman - TC29_VerifyALL_Links_Myaccount has been skipped for this execution...
2020-04-23 21:52:27,325 [TestNG] INFO Kaman - TC30_Search_Typeahead has been skipped for this execution...
2020-04-23 21:52:27,327 [TestNG] INFO Kaman - TC31_Verify_login has been skipped for this execution...
2020-04-23 21:52:27,330 [TestNG] INFO Kaman - TC32_Verify_store_location has been skipped for this execution...
2020-04-23 21:52:27,332 [TestNG] INFO Kaman - TC40_Adding_MultipleItems_QuickOrder has been skipped for this execution...
2020-04-23 21:52:27,643 [TestNG] INFO Kaman - Execution ended on : 2020-04-23_21-52-27
2020-04-23 21:53:13,368 [TestNG] INFO Kaman - Execution started on 2020-04-23_21-53-13
2020-04-23 21:53:18,276 [TestNG] INFO Kaman - Execution started on IE2020-04-23_21-53-13
2020-04-23 21:53:18,716 [TestNG] INFO Kaman - Execution Started for Testcase number : TC01_Verify_HomePage at time : 2020-04-23 21:53
2020-04-23 21:53:46,074 [TestNG] INFO Kaman - Successfully navigated to URL : https://ectest.kamandirect.com/storeus/
2020-04-23 21:53:47,521 [TestNG] INFO Kaman - Execution Ended for testcase number : TC01_Verify_HomePage at time : 2020-04-23 21:53
2020-04-23 21:53:47,612 [TestNG] INFO Kaman - Execution Started for Testcase number : TC03_Verify_BLP_Solutions_ContactUS at time : 2020-04-23 21:53
2020-04-23 21:54:11,188 [TestNG] INFO Kaman - Successfully navigated to URL : https://ectest.kamandirect.com/storeus/
2020-04-23 21:54:41,085 [TestNG] INFO Kaman - WebElement BrandsMenu Successfully identified
2020-04-23 21:54:41,226 [TestNG] INFO Kaman - Successfull navigated to Expected Page i.e. on : Brands | KamanDirect
2020-04-23 21:54:53,376 [TestNG] INFO Kaman - WebElement ContactMenu Successfully identified
2020-04-23 21:55:13,963 [TestNG] ERROR Kaman - TEXT : Contact Kaman Industrial TechnologiesWhich you are looking for WebelementContactUSHeaderNOT found...!!!!
2020-04-23 21:55:14,026 [TestNG] INFO Kaman - Execution Ended for testcase number : TC03_Verify_BLP_Solutions_ContactUS at time : 2020-04-23 21:53
2020-04-23 21:55:14,107 [TestNG] INFO Kaman - TC04_Search_product_not_in_Catalog has been skipped for this execution...
2020-04-23 21:55:14,122 [TestNG] INFO Kaman - TC05_Search_product_in_Catalog has been skipped for this execution...
2020-04-23 21:55:14,134 [TestNG] INFO Kaman - TC6_SearchResults_Typeahead has been skipped for this execution...
2020-04-23 21:55:14,147 [TestNG] INFO Kaman - TC07_SearchCategory has been skipped for this execution...
2020-04-23 21:55:14,160 [TestNG] INFO Kaman - TC08_VerifyProductListPLP has been skipped for this execution...
2020-04-23 21:55:14,170 [TestNG] INFO Kaman - TC09_Verify_Documented_Savings has been skipped for this execution...
2020-04-23 21:55:14,182 [TestNG] INFO Kaman - TC10_Verify_Search_results has been skipped for this execution...
2020-04-23 21:55:14,195 [TestNG] INFO Kaman - TC11_Verify_PDP_From_Search_results has been skipped for this execution...
2020-04-23 21:55:14,204 [TestNG] INFO Kaman - TC12_Verify_AddToCart_from_PDP has been skipped for this execution...
2020-04-23 21:55:14,213 [TestNG] INFO Kaman - TC26_Verify_Clear_Cart has been skipped for this execution...
2020-04-23 21:55:14,222 [TestNG] INFO Kaman - TC13_Verify_Search_Dimensions has been skipped for this execution...
2020-04-23 21:55:14,233 [TestNG] INFO Kaman - TC14_Verify_AddToCart_from_Search has been skipped for this execution...
2020-04-23 21:55:14,247 [TestNG] INFO Kaman - TC15_Verify_ViewFullCart has been skipped for this execution...
2020-04-23 21:55:14,257 [TestNG] INFO Kaman - TC16_Update_Quantity_CartPage has been skipped for this execution...
2020-04-23 21:55:14,266 [TestNG] INFO Kaman - TC17_Verify_CheckoutButton has been skipped for this execution...
2020-04-23 21:55:14,274 [TestNG] INFO Kaman - TC18_Verify_ShippingPage has been skipped for this execution...
2020-04-23 21:55:14,283 [TestNG] INFO Kaman - TC19_Verify_ShippingMethod has been skipped for this execution...
2020-04-23 21:55:14,293 [TestNG] INFO Kaman - TC20_21_Verify_BillingPage has been skipped for this execution...
2020-04-23 21:55:14,304 [TestNG] INFO Kaman - TC22_Verify_PlaceOrder has been skipped for this execution...
2020-04-23 21:55:14,313 [TestNG] INFO Kaman - TC02_Verify_MYACC has been skipped for this execution...
2020-04-23 21:55:14,322 [TestNG] INFO Kaman - TC02_Verify_MYACC_RegisteredUser has been skipped for this execution...
2020-04-23 21:55:14,332 [TestNG] INFO Kaman - TC23_Verify_UserRegistration has been skipped for this execution...
2020-04-23 21:55:14,341 [TestNG] INFO Kaman - TC24_Verify_PlaceOrder_LoggedIn has been skipped for this execution...
2020-04-23 21:55:14,349 [TestNG] INFO Kaman - TC27_Verify_Store_room has been skipped for this execution...
2020-04-23 21:55:14,357 [TestNG] INFO Kaman - TC28_Verify_PunchOut_User has been skipped for this execution...
2020-04-23 21:55:14,368 [TestNG] INFO Kaman - TC29_VerifyALL_Links_Myaccount has been skipped for this execution...
2020-04-23 21:55:14,380 [TestNG] INFO Kaman - TC30_Search_Typeahead has been skipped for this execution...
2020-04-23 21:55:14,391 [TestNG] INFO Kaman - TC31_Verify_login has been skipped for this execution...
2020-04-23 21:55:14,401 [TestNG] INFO Kaman - TC32_Verify_store_location has been skipped for this execution...
2020-04-23 21:55:14,409 [TestNG] INFO Kaman - TC40_Adding_MultipleItems_QuickOrder has been skipped for this execution...
2020-04-23 21:55:14,616 [TestNG] INFO Kaman - Execution ended on : 2020-04-23_21-55-14
2020-04-23 21:57:21,039 [TestNG] INFO Kaman - Execution started on 2020-04-23_21-57-20
2020-04-23 21:57:26,446 [TestNG] INFO Kaman - Execution started on IE2020-04-23_21-57-20
2020-04-23 21:57:26,957 [TestNG] INFO Kaman - TC01_Verify_HomePage has been skipped for this execution...
2020-04-23 21:57:26,973 [TestNG] INFO Kaman - TC03_Verify_BLP_Solutions_ContactUS has been skipped for this execution...
2020-04-23 21:57:26,983 [TestNG] INFO Kaman - TC04_Search_product_not_in_Catalog has been skipped for this execution...
2020-04-23 21:57:26,994 [TestNG] INFO Kaman - TC05_Search_product_in_Catalog has been skipped for this execution...
2020-04-23 21:57:27,007 [TestNG] INFO Kaman - TC6_SearchResults_Typeahead has been skipped for this execution...
2020-04-23 21:57:27,018 [TestNG] INFO Kaman - TC07_SearchCategory has been skipped for this execution...
2020-04-23 21:57:27,028 [TestNG] INFO Kaman - TC08_VerifyProductListPLP has been skipped for this execution...
2020-04-23 21:57:27,039 [TestNG] INFO Kaman - TC09_Verify_Documented_Savings has been skipped for this execution...
2020-04-23 21:57:27,047 [TestNG] INFO Kaman - TC10_Verify_Search_results has been skipped for this execution...
2020-04-23 21:57:27,058 [TestNG] INFO Kaman - TC11_Verify_PDP_From_Search_results has been skipped for this execution...
2020-04-23 21:57:27,067 [TestNG] INFO Kaman - TC12_Verify_AddToCart_from_PDP has been skipped for this execution...
2020-04-23 21:57:27,076 [TestNG] INFO Kaman - TC26_Verify_Clear_Cart has been skipped for this execution...
2020-04-23 21:57:27,086 [TestNG] INFO Kaman - TC13_Verify_Search_Dimensions has been skipped for this execution...
2020-04-23 21:57:27,097 [TestNG] INFO Kaman - TC14_Verify_AddToCart_from_Search has been skipped for this execution...
2020-04-23 21:57:27,110 [TestNG] INFO Kaman - TC15_Verify_ViewFullCart has been skipped for this execution...
2020-04-23 21:57:27,122 [TestNG] INFO Kaman - TC16_Update_Quantity_CartPage has been skipped for this execution...
2020-04-23 21:57:27,132 [TestNG] INFO Kaman - TC17_Verify_CheckoutButton has been skipped for this execution...
2020-04-23 21:57:27,142 [TestNG] INFO Kaman - TC18_Verify_ShippingPage has been skipped for this execution...
2020-04-23 21:57:27,155 [TestNG] INFO Kaman - TC19_Verify_ShippingMethod has been skipped for this execution...
2020-04-23 21:57:27,166 [TestNG] INFO Kaman - TC20_21_Verify_BillingPage has been skipped for this execution...
2020-04-23 21:57:27,176 [TestNG] INFO Kaman - TC22_Verify_PlaceOrder has been skipped for this execution...
2020-04-23 21:57:27,186 [TestNG] INFO Kaman - TC02_Verify_MYACC has been skipped for this execution...
2020-04-23 21:57:27,198 [TestNG] INFO Kaman - TC02_Verify_MYACC_RegisteredUser has been skipped for this execution...
2020-04-23 21:57:27,212 [TestNG] INFO Kaman - TC23_Verify_UserRegistration has been skipped for this execution...
2020-04-23 21:57:27,222 [TestNG] INFO Kaman - TC24_Verify_PlaceOrder_LoggedIn has been skipped for this execution...
2020-04-23 21:57:27,233 [TestNG] INFO Kaman - TC27_Verify_Store_room has been skipped for this execution...
2020-04-23 21:57:27,270 [TestNG] INFO Kaman - Execution Started for Testcase number : TC28_Verify_PunchOut_User at time : 2020-04-23 21:57
2020-04-23 21:58:43,699 [TestNG] INFO Kaman - Successfully navigated to URL : https://ectest.kamandirect.com/storeus/myaccount/punchoutRequestHandler.jsp;jsessionid=fGVerMyhLhBYnMaPNIXlLA0L.02?esid=fGVerMyhLhBYnMaPNIXlLA0L.02
2020-04-23 21:58:50,202 [TestNG] INFO Kaman - WebElement ProductMegamenu Successfully identified
2020-04-23 21:59:12,940 [TestNG] INFO Kaman - WebElement Gearing Successfully identified
2020-04-23 21:59:28,945 [TestNG] INFO Kaman - WebElement ProductList Successfully identified
2020-04-23 21:59:48,662 [TestNG] INFO Kaman - WebElement Productsublist Successfully identified
2020-04-23 22:00:39,302 [TestNG] INFO Kaman - WebElement ProductPLP Successfully identified
2020-04-23 22:00:50,981 [TestNG] INFO Kaman - WebElement AddToCartPDP Successfully identified
2020-04-23 22:00:57,527 [TestNG] INFO Kaman - WebElement CartImage Successfully identified
2020-04-23 22:01:29,490 [TestNG] INFO Kaman - WebElement ViewFullCart Successfully identified
2020-04-23 22:01:40,521 [TestNG] INFO Kaman - WebElement PunchOutCheckoutReturn Successfully identified
2020-04-23 22:01:57,632 [TestNG] INFO Kaman - WebElement PunchOutCheckoutConf Successfully identified
2020-04-23 22:01:57,680 [TestNG] INFO Kaman - URL : http://kit08wmisd:5556/web/viewshoppingcart.jspWhich you are looking for Webelement  has been found successfully...
2020-04-23 22:01:57,722 [TestNG] INFO Kaman - Execution Ended for testcase number : TC28_Verify_PunchOut_User at time : 2020-04-23 21:57
2020-04-23 22:01:57,797 [TestNG] INFO Kaman - TC29_VerifyALL_Links_Myaccount has been skipped for this execution...
2020-04-23 22:01:57,808 [TestNG] INFO Kaman - TC30_Search_Typeahead has been skipped for this execution...
2020-04-23 22:01:57,820 [TestNG] INFO Kaman - TC31_Verify_login has been skipped for this execution...
2020-04-23 22:01:57,832 [TestNG] INFO Kaman - TC32_Verify_store_location has been skipped for this execution...
2020-04-23 22:01:57,844 [TestNG] INFO Kaman - TC40_Adding_MultipleItems_QuickOrder has been skipped for this execution...
2020-04-23 22:01:58,052 [TestNG] INFO Kaman - Execution ended on : 2020-04-23_22-01-58
